<?xml version="1.0" encoding="UTF-8"?>
<!-- Generated by org.testng.reporters.JUnitReportReporter -->
<testsuite skipped="0" hostname="LAPTOP-J5D92MDD" name="test.UpdateAccountPageTest" tests="2" failures="0" timestamp="2022-12-03T18:10:20 IST" time="11.611" errors="0">
  <testcase name="verifyUpdateAcBalanceAlertMsg" time="6.153" classname="test.UpdateAccountPageTest"/>
  <testcase name="verifyUpdateAcHeaderText" time="5.458" classname="test.UpdateAccountPageTest"/>
</testsuite> <!-- test.UpdateAccountPageTest -->
