<?xml version="1.0" encoding="UTF-8"?>
<!-- Generated by org.testng.reporters.JUnitReportReporter -->
<testsuite skipped="0" hostname="LAPTOP-J5D92MDD" name="pages.TestLoginPage" tests="2" failures="0" timestamp="2022-11-26T17:08:28 IST" time="15.463" errors="0">
  <testcase name="VerifyLogin" time="11.816" classname="pages.TestLoginPage"/>
  <testcase name="VerifyLogin1" time="3.647" classname="pages.TestLoginPage"/>
</testsuite> <!-- pages.TestLoginPage -->
