<?xml version="1.0" encoding="UTF-8"?>
<!-- Generated by org.testng.reporters.JUnitReportReporter -->
<testsuite skipped="0" hostname="LAPTOP-J5D92MDD" name="pages.UpdateAccountPageTest" tests="2" failures="0" timestamp="2022-11-28T13:27:55 IST" time="13.515" errors="0">
  <testcase name="verifyUpdateAcBalanceAlertMsg" time="8.446" classname="pages.UpdateAccountPageTest"/>
  <testcase name="verifyUpdateAcHeaderText" time="5.069" classname="pages.UpdateAccountPageTest"/>
</testsuite> <!-- pages.UpdateAccountPageTest -->
